  Vector3D.c
  QuadMesh.c
  Matrix3D.c
c:\users\zafar ali\desktop\zafar ali cps511 assignment2\a1skeleton\a1skeleton\matrix3d.c(480): warning C4244: '=': conversion from 'double' to 'float', possible loss of data
c:\users\zafar ali\desktop\zafar ali cps511 assignment2\a1skeleton\a1skeleton\matrix3d.c(481): warning C4244: '=': conversion from 'double' to 'float', possible loss of data
c:\users\zafar ali\desktop\zafar ali cps511 assignment2\a1skeleton\a1skeleton\matrix3d.c(482): warning C4244: '=': conversion from 'double' to 'float', possible loss of data
c:\users\zafar ali\desktop\zafar ali cps511 assignment2\a1skeleton\a1skeleton\matrix3d.c(541): warning C4244: '=': conversion from 'double' to 'float', possible loss of data
c:\users\zafar ali\desktop\zafar ali cps511 assignment2\a1skeleton\a1skeleton\matrix3d.c(542): warning C4244: '=': conversion from 'double' to 'float', possible loss of data
c:\users\zafar ali\desktop\zafar ali cps511 assignment2\a1skeleton\a1skeleton\matrix3d.c(543): warning C4244: '=': conversion from 'double' to 'float', possible loss of data
c:\users\zafar ali\desktop\zafar ali cps511 assignment2\a1skeleton\a1skeleton\matrix3d.c(629): warning C4244: '=': conversion from 'const double' to 'float', possible loss of data
c:\users\zafar ali\desktop\zafar ali cps511 assignment2\a1skeleton\a1skeleton\matrix3d.c(630): warning C4244: '=': conversion from 'const double' to 'float', possible loss of data
c:\users\zafar ali\desktop\zafar ali cps511 assignment2\a1skeleton\a1skeleton\matrix3d.c(631): warning C4244: '=': conversion from 'const double' to 'float', possible loss of data
  main.c
c:\users\zafar ali\desktop\zafar ali cps511 assignment2\a1skeleton\a1skeleton\main.c(18): warning C4305: 'initializing': truncation from 'double' to 'const GLfloat'
c:\users\zafar ali\desktop\zafar ali cps511 assignment2\a1skeleton\a1skeleton\main.c(29): warning C4305: 'initializing': truncation from 'double' to 'GLfloat'
c:\users\zafar ali\desktop\zafar ali cps511 assignment2\a1skeleton\a1skeleton\main.c(44): warning C4305: 'initializing': truncation from 'double' to 'GLfloat'
c:\users\zafar ali\desktop\zafar ali cps511 assignment2\a1skeleton\a1skeleton\main.c(141): warning C4244: '-=': conversion from 'double' to 'GLfloat', possible loss of data
c:\users\zafar ali\desktop\zafar ali cps511 assignment2\a1skeleton\a1skeleton\main.c(142): warning C4244: '-=': conversion from 'double' to 'GLfloat', possible loss of data
c:\users\zafar ali\desktop\zafar ali cps511 assignment2\a1skeleton\a1skeleton\main.c(148): warning C4244: '+=': conversion from 'double' to 'GLfloat', possible loss of data
c:\users\zafar ali\desktop\zafar ali cps511 assignment2\a1skeleton\a1skeleton\main.c(149): warning C4244: '+=': conversion from 'double' to 'GLfloat', possible loss of data
c:\users\zafar ali\desktop\zafar ali cps511 assignment2\a1skeleton\a1skeleton\main.c(154): warning C4244: '+=': conversion from 'double' to 'GLfloat', possible loss of data
c:\users\zafar ali\desktop\zafar ali cps511 assignment2\a1skeleton\a1skeleton\main.c(155): warning C4244: '+=': conversion from 'double' to 'GLfloat', possible loss of data
c:\users\zafar ali\desktop\zafar ali cps511 assignment2\a1skeleton\a1skeleton\main.c(161): warning C4244: '-=': conversion from 'double' to 'GLfloat', possible loss of data
c:\users\zafar ali\desktop\zafar ali cps511 assignment2\a1skeleton\a1skeleton\main.c(162): warning C4244: '-=': conversion from 'double' to 'GLfloat', possible loss of data
c:\users\zafar ali\desktop\zafar ali cps511 assignment2\a1skeleton\a1skeleton\main.c(255): warning C4244: '=': conversion from 'double' to 'GLfloat', possible loss of data
c:\users\zafar ali\desktop\zafar ali cps511 assignment2\a1skeleton\a1skeleton\main.c(239): warning C4305: 'initializing': truncation from 'double' to 'GLfloat'
c:\users\zafar ali\desktop\zafar ali cps511 assignment2\a1skeleton\a1skeleton\main.c(240): warning C4305: 'initializing': truncation from 'double' to 'GLfloat'
c:\users\zafar ali\desktop\zafar ali cps511 assignment2\a1skeleton\a1skeleton\main.c(265): warning C4244: 'initializing': conversion from 'double' to 'GLfloat', possible loss of data
c:\users\zafar ali\desktop\zafar ali cps511 assignment2\a1skeleton\a1skeleton\main.c(307): warning C4305: 'function': truncation from 'double' to 'GLfloat'
c:\users\zafar ali\desktop\zafar ali cps511 assignment2\a1skeleton\a1skeleton\main.c(315): warning C4244: 'function': conversion from 'int' to 'GLfloat', possible loss of data
c:\users\zafar ali\desktop\zafar ali cps511 assignment2\a1skeleton\a1skeleton\main.c(321): warning C4305: 'function': truncation from 'double' to 'GLfloat'
  CubeMesh.c
  Generating Code...
  LINK : C:\Users\Zafar Ali\Desktop\Zafar Ali Cps511 Assignment2\A1Skeleton\x64\Debug\A1Skeleton.exe not found or not built by the last incremental link; performing full link
  A1Skeleton.vcxproj -> C:\Users\Zafar Ali\Desktop\Zafar Ali Cps511 Assignment2\A1Skeleton\x64\Debug\A1Skeleton.exe
  A1Skeleton.vcxproj -> C:\Users\Zafar Ali\Desktop\Zafar Ali Cps511 Assignment2\A1Skeleton\x64\Debug\A1Skeleton.pdb (Partial PDB)
